# JRE version: Java(TM) SE Runtime Environment (11.0.2+9) (build 11.0.2+9-LTS)
# Java VM: Java HotSpot(TM) 64-Bit Server VM (11.0.2+9-LTS, mixed mode, tiered, compressed oops, g1 gc, windows-amd64)
Heap:
 garbage-first heap   total 534528K, used 164787K [0x0000000702600000, 0x0000000800000000)
  region size 1024K, 3 young (3072K), 1 survivors (1024K)
 Metaspace       used 23438K, capacity 24274K, committed 24320K, reserved 1071104K
  class space    used 2912K, capacity 3294K, committed 3328K, reserved 1048576K
GC Heap History (10 events):
Event: 39.995 GC heap before
{Heap before GC invocations=31 (full 0):
 garbage-first heap   total 260096K, used 153528K [0x0000000702600000, 0x0000000800000000)
  region size 1024K, 2 young (2048K), 1 survivors (1024K)
 Metaspace       used 23401K, capacity 24274K, committed 24320K, reserved 1071104K
  class space    used 2912K, capacity 3294K, committed 3328K, reserved 1048576K
}
Event: 39.998 GC heap after
{Heap after GC invocations=32 (full 0):
 garbage-first heap   total 312320K, used 153552K [0x0000000702600000, 0x0000000800000000)
  region size 1024K, 1 young (1024K), 1 survivors (1024K)
 Metaspace       used 23401K, capacity 24274K, committed 24320K, reserved 1071104K
  class space    used 2912K, capacity 3294K, committed 3328K, reserved 1048576K
}
Event: 40.012 GC heap before
{Heap before GC invocations=33 (full 0):
 garbage-first heap   total 312320K, used 157648K [0x0000000702600000, 0x0000000800000000)
  region size 1024K, 2 young (2048K), 1 survivors (1024K)
 Metaspace       used 23406K, capacity 24274K, committed 24320K, reserved 1071104K
  class space    used 2912K, capacity 3294K, committed 3328K, reserved 1048576K
}
Event: 40.013 GC heap after
{Heap after GC invocations=34 (full 0):
 garbage-first heap   total 312320K, used 157634K [0x0000000702600000, 0x0000000800000000)
  region size 1024K, 1 young (1024K), 1 survivors (1024K)
 Metaspace       used 23406K, capacity 24274K, committed 24320K, reserved 1071104K
  class space    used 2912K, capacity 3294K, committed 3328K, reserved 1048576K
}
Event: 40.066 GC heap before
{Heap before GC invocations=35 (full 0):
 garbage-first heap   total 312320K, used 205762K [0x0000000702600000, 0x0000000800000000)
  region size 1024K, 47 young (48128K), 1 survivors (1024K)
 Metaspace       used 23419K, capacity 24274K, committed 24320K, reserved 1071104K
  class space    used 2912K, capacity 3294K, committed 3328K, reserved 1048576K
}
Event: 40.067 GC heap after
{Heap after GC invocations=36 (full 0):
 garbage-first heap   total 312320K, used 158636K [0x0000000702600000, 0x0000000800000000)
  region size 1024K, 1 young (1024K), 1 survivors (1024K)
 Metaspace       used 23419K, capacity 24274K, committed 24320K, reserved 1071104K
  class space    used 2912K, capacity 3294K, committed 3328K, reserved 1048576K
}
Event: 40.091 GC heap before
{Heap before GC invocations=36 (full 0):
 garbage-first heap   total 312320K, used 201644K [0x0000000702600000, 0x0000000800000000)
  region size 1024K, 44 young (45056K), 1 survivors (1024K)
 Metaspace       used 23419K, capacity 24274K, committed 24320K, reserved 1071104K
  class space    used 2912K, capacity 3294K, committed 3328K, reserved 1048576K
}
Event: 40.092 GC heap after
{Heap after GC invocations=37 (full 0):
 garbage-first heap   total 312320K, used 158637K [0x0000000702600000, 0x0000000800000000)
  region size 1024K, 1 young (1024K), 1 survivors (1024K)
 Metaspace       used 23419K, capacity 24274K, committed 24320K, reserved 1071104K
  class space    used 2912K, capacity 3294K, committed 3328K, reserved 1048576K
}
Event: 40.107 GC heap before
{Heap before GC invocations=38 (full 0):
 garbage-first heap   total 312320K, used 161709K [0x0000000702600000, 0x0000000800000000)
  region size 1024K, 2 young (2048K), 1 survivors (1024K)
 Metaspace       used 23421K, capacity 24274K, committed 24320K, reserved 1071104K
  class space    used 2912K, capacity 3294K, committed 3328K, reserved 1048576K
}
Event: 40.112 GC heap after
{Heap after GC invocations=39 (full 0):
 garbage-first heap   total 534528K, used 161715K [0x0000000702600000, 0x0000000800000000)
  region size 1024K, 1 young (1024K), 1 survivors (1024K)
 Metaspace       used 23421K, capacity 24274K, committed 24320K, reserved 1071104K
  class space    used 2912K, capacity 3294K, committed 3328K, reserved 1048576K
}

